#
# There is insufficient memory for the Java Runtime Environment to continue.
# Native memory allocation (malloc) failed to allocate 1044736 bytes for Chunk::new
# Possible reasons:
#   The system is out of physical RAM or swap space
#   The process is running with CompressedOops enabled, and the Java Heap may be blocking the growth of the native heap
# Possible solutions:
#   Reduce memory load on the system
#   Increase physical memory or swap space
#   Check if swap backing store is full
#   Decrease Java heap size (-Xmx/-Xms)
#   Decrease number of Java threads
#   Decrease Java thread stack sizes (-Xss)
#   Set larger code cache with -XX:ReservedCodeCacheSize=
#   JVM is running with Unscaled Compressed Oops mode in which the Java heap is
#     placed in the first 4GB address space. The Java Heap base address is the
#     maximum limit for the native heap growth. Please use -XX:HeapBaseMinAddress
#     to set the Java Heap base and to place the Java Heap above 4GB virtual address.
# This output file may be truncated or incomplete.
#
#  Out of Memory Error (./src/hotspot/share/memory/arena.cpp:197), pid=9060, tid=14344
#
# JRE version: OpenJDK Runtime Environment (11.0.8+10) (build 11.0.8+10-b944.6842174)
# Java VM: OpenJDK 64-Bit Server VM (11.0.8+10-b944.6842174, mixed mode, tiered, compressed oops, g1 gc, windows-amd64)
# No core dump will be written. Minidumps are not enabled by default on client versions of Windows
#

---------------  S U M M A R Y ------------

Command Line: --add-opens=java.base/java.util=ALL-UNNAMED --add-opens=java.base/java.lang=ALL-UNNAMED --add-opens=java.base/java.lang.invoke=ALL-UNNAMED --add-opens=java.prefs/java.util.prefs=ALL-UNNAMED -Xmx2048m -Dfile.encoding=UTF-8 -Duser.country=US -Duser.language=en -Duser.variant org.gradle.launcher.daemon.bootstrap.GradleDaemon 6.7.1

Host: AMD Ryzen 5 3500U with Radeon Vega Mobile Gfx  , 8 cores, 5G,  Windows 10 , 64 bit Build 19041 (10.0.19041.1023)
Time: Thu Jun 24 04:00:58 2021 SE Asia Standard Time elapsed time: 9432 seconds (0d 2h 37m 12s)

---------------  T H R E A D  ---------------

Current thread (0x0000020dec482000):  JavaThread "C2 CompilerThread0" daemon [_thread_in_native, id=14344, stack(0x000000b0b6000000,0x000000b0b6100000)]


Current CompileTask:
C2:9432820 28563       4       org.codehaus.groovy.runtime.metaclass.MetaMethodIndex::addMethodToList (298 bytes)

Stack: [0x000000b0b6000000,0x000000b0b6100000]
Native frames: (J=compiled Java code, j=interpreted, Vv=VM code, C=native code)
V  [jvm.dll+0x5de50a]
V  [jvm.dll+0x7122f5]
V  [jvm.dll+0x71384d]
V  [jvm.dll+0x713f03]
V  [jvm.dll+0x23e728]
V  [jvm.dll+0xb899c]
V  [jvm.dll+0xb8e9c]
V  [jvm.dll+0x2b20e4]
V  [jvm.dll+0x502098]
V  [jvm.dll+0x1f8efd]
V  [jvm.dll+0x1f685f]
V  [jvm.dll+0x17f32c]
V  [jvm.dll+0x205047]
V  [jvm.dll+0x203891]
V  [jvm.dll+0x6dad3f]
V  [jvm.dll+0x6d3895]
V  [jvm.dll+0x5dd4a6]
C  [ucrtbase.dll+0x21bb2]
C  [KERNEL32.DLL+0x17034]
C  [ntdll.dll+0x52651]


---------------  P R O C E S S  ---------------

Threads class SMR info:
_java_thread_list=0x0000020df092d600, length=53, elements={
0x0000020dd19aa800, 0x0000020dec464000, 0x0000020dec46f800, 0x0000020dec47f000,
0x0000020dec480000, 0x0000020dec482000, 0x0000020dec486800, 0x0000020dec49f800,
0x0000020decf2e800, 0x0000020decf72800, 0x0000020dee372800, 0x0000020df047a000,
0x0000020def8c7800, 0x0000020dee9ec800, 0x0000020dee9e8800, 0x0000020dee9e9000,
0x0000020dee9eb800, 0x0000020deea2e000, 0x0000020df0a95800, 0x0000020df0a9a800,
0x0000020df6666000, 0x0000020df69ba800, 0x0000020df69b9800, 0x0000020df69c0000,
0x0000020df69bd800, 0x0000020df69bb000, 0x0000020df69bf800, 0x0000020df69bd000,
0x0000020df69c1000, 0x0000020df69bc000, 0x0000020df69c6800, 0x0000020df69c7800,
0x0000020df69c3800, 0x0000020df69c1800, 0x0000020df69c4000, 0x0000020df69c2800,
0x0000020df69c8800, 0x0000020df69c6000, 0x0000020df69c5000, 0x0000020df3588800,
0x0000020df3584800, 0x0000020df3585000, 0x0000020df358b000, 0x0000020df3587000,
0x0000020df358b800, 0x0000020df3586000, 0x0000020df358f000, 0x0000020df358c800,
0x0000020df358d800, 0x0000020df358e000, 0x0000020df3589000, 0x0000020df358f800,
0x0000020df358a000
}

Java Threads: ( => current thread )
  0x0000020dd19aa800 JavaThread "main" [_thread_blocked, id=3624, stack(0x000000b0b5500000,0x000000b0b5600000)]
  0x0000020dec464000 JavaThread "Reference Handler" daemon [_thread_blocked, id=6104, stack(0x000000b0b5c00000,0x000000b0b5d00000)]
  0x0000020dec46f800 JavaThread "Finalizer" daemon [_thread_blocked, id=9188, stack(0x000000b0b5d00000,0x000000b0b5e00000)]
  0x0000020dec47f000 JavaThread "Signal Dispatcher" daemon [_thread_blocked, id=22552, stack(0x000000b0b5e00000,0x000000b0b5f00000)]
  0x0000020dec480000 JavaThread "Attach Listener" daemon [_thread_blocked, id=16912, stack(0x000000b0b5f00000,0x000000b0b6000000)]
=>0x0000020dec482000 JavaThread "C2 CompilerThread0" daemon [_thread_in_native, id=14344, stack(0x000000b0b6000000,0x000000b0b6100000)]
  0x0000020dec486800 JavaThread "C1 CompilerThread0" daemon [_thread_blocked, id=18944, stack(0x000000b0b6100000,0x000000b0b6200000)]
  0x0000020dec49f800 JavaThread "Sweeper thread" daemon [_thread_blocked, id=8880, stack(0x000000b0b6200000,0x000000b0b6300000)]
  0x0000020decf2e800 JavaThread "Common-Cleaner" daemon [_thread_blocked, id=22976, stack(0x000000b0b6300000,0x000000b0b6400000)]
  0x0000020decf72800 JavaThread "Service Thread" daemon [_thread_blocked, id=20316, stack(0x000000b0b6400000,0x000000b0b6500000)]
  0x0000020dee372800 JavaThread "Daemon health stats" [_thread_blocked, id=22256, stack(0x000000b0b6800000,0x000000b0b6900000)]
  0x0000020df047a000 JavaThread "Incoming local TCP Connector on port 30476" [_thread_in_native, id=22368, stack(0x000000b0b6a00000,0x000000b0b6b00000)]
  0x0000020def8c7800 JavaThread "Daemon periodic checks" [_thread_blocked, id=8148, stack(0x000000b0b6b00000,0x000000b0b6c00000)]
  0x0000020dee9ec800 JavaThread "Cache worker for file hash cache (C:\Users\Reyhan\.gradle\caches\6.7.1\fileHashes)" [_thread_blocked, id=17356, stack(0x000000b0b7d00000,0x000000b0b7e00000)]
  0x0000020dee9e8800 JavaThread "File lock request listener" [_thread_in_native, id=2596, stack(0x000000b0b7e00000,0x000000b0b7f00000)]
  0x0000020dee9e9000 JavaThread "Cache worker for journal cache (C:\Users\Reyhan\.gradle\caches\journal-1)" [_thread_blocked, id=4928, stack(0x000000b0b8000000,0x000000b0b8100000)]
  0x0000020dee9eb800 JavaThread "Cache worker for execution history cache (C:\Users\Reyhan\.gradle\caches\6.7.1\executionHistory)" [_thread_blocked, id=21032, stack(0x000000b0b8500000,0x000000b0b8600000)]
  0x0000020deea2e000 JavaThread "Cache worker for file content cache (C:\Users\Reyhan\.gradle\caches\6.7.1\fileContent)" [_thread_blocked, id=7792, stack(0x000000b0b8700000,0x000000b0b8800000)]
  0x0000020df0a95800 JavaThread "Memory manager" [_thread_blocked, id=7912, stack(0x000000b0bf100000,0x000000b0bf200000)]
  0x0000020df0a9a800 JavaThread "Cache worker for Java compile cache (C:\Users\Reyhan\.gradle\caches\6.7.1\javaCompile)" [_thread_blocked, id=5708, stack(0x000000b0bfc00000,0x000000b0bfd00000)]
  0x0000020df6666000 JavaThread "ForkJoinPool.commonPool-worker-7" daemon [_thread_blocked, id=17540, stack(0x000000b0c0800000,0x000000b0c0900000)]
  0x0000020df69ba800 JavaThread "Daemon Thread 23" [_thread_blocked, id=12996, stack(0x000000b0b5400000,0x000000b0b5500000)]
  0x0000020df69b9800 JavaThread "Handler for socket connection from /127.0.0.1:30476 to /127.0.0.1:11306" [_thread_in_native, id=16420, stack(0x000000b0b6700000,0x000000b0b6800000)]
  0x0000020df69c0000 JavaThread "Cancel handler" [_thread_blocked, id=20992, stack(0x000000b0b6900000,0x000000b0b6a00000)]
  0x0000020df69bd800 JavaThread "Daemon worker Thread 23" [_thread_in_Java, id=10252, stack(0x000000b0b6c00000,0x000000b0b6d00000)]
  0x0000020df69bb000 JavaThread "Asynchronous log dispatcher for DefaultDaemonConnection: socket connection from /127.0.0.1:30476 to /127.0.0.1:11306" [_thread_blocked, id=23060, stack(0x000000b0b6d00000,0x000000b0b6e00000)]
  0x0000020df69bf800 JavaThread "Stdin handler" [_thread_blocked, id=6436, stack(0x000000b0b7800000,0x000000b0b7900000)]
  0x0000020df69bd000 JavaThread "Thread-3659" [_thread_blocked, id=10116, stack(0x000000b0b7900000,0x000000b0b7a00000)]
  0x0000020df69c1000 JavaThread "Cache worker for file hash cache (C:\Users\Reyhan\AndroidStudioProjects\GithubKu\.gradle\6.7.1\fileHashes)" [_thread_blocked, id=21832, stack(0x000000b0b7a00000,0x000000b0b7b00000)]
  0x0000020df69bc000 JavaThread "jar transforms Thread 2232" [_thread_blocked, id=11336, stack(0x000000b0b7b00000,0x000000b0b7c00000)]
  0x0000020df69c6800 JavaThread "jar transforms Thread 2233" [_thread_blocked, id=23564, stack(0x000000b0b7c00000,0x000000b0b7d00000)]
  0x0000020df69c7800 JavaThread "jar transforms Thread 2234" [_thread_blocked, id=10848, stack(0x000000b0b8100000,0x000000b0b8200000)]
  0x0000020df69c3800 JavaThread "jar transforms Thread 2235" [_thread_blocked, id=5036, stack(0x000000b0b8200000,0x000000b0b8300000)]
  0x0000020df69c1800 JavaThread "jar transforms Thread 2236" [_thread_blocked, id=2252, stack(0x000000b0b8300000,0x000000b0b8400000)]
  0x0000020df69c4000 JavaThread "jar transforms Thread 2237" [_thread_blocked, id=5492, stack(0x000000b0b8400000,0x000000b0b8500000)]
  0x0000020df69c2800 JavaThread "jar transforms Thread 2238" [_thread_blocked, id=19868, stack(0x000000b0b8600000,0x000000b0b8700000)]
  0x0000020df69c8800 JavaThread "jar transforms Thread 2239" [_thread_blocked, id=23764, stack(0x000000b0b8800000,0x000000b0b8900000)]
  0x0000020df69c6000 JavaThread "jar transforms Thread 2240" [_thread_blocked, id=13428, stack(0x000000b0b8900000,0x000000b0b8a00000)]
  0x0000020df69c5000 JavaThread "jar transforms Thread 2241" [_thread_blocked, id=11136, stack(0x000000b0b8a00000,0x000000b0b8b00000)]
  0x0000020df3588800 JavaThread "jar transforms Thread 2242" [_thread_blocked, id=23836, stack(0x000000b0b8b00000,0x000000b0b8c00000)]
  0x0000020df3584800 JavaThread "jar transforms Thread 2243" [_thread_blocked, id=9812, stack(0x000000b0b8c00000,0x000000b0b8d00000)]
  0x0000020df3585000 JavaThread "jar transforms Thread 2244" [_thread_blocked, id=21712, stack(0x000000b0b8d00000,0x000000b0b8e00000)]
  0x0000020df358b000 JavaThread "jar transforms Thread 2245" [_thread_blocked, id=10648, stack(0x000000b0b8e00000,0x000000b0b8f00000)]
  0x0000020df3587000 JavaThread "jar transforms Thread 2246" [_thread_blocked, id=10972, stack(0x000000b0b8f00000,0x000000b0b9000000)]
  0x0000020df358b800 JavaThread "jar transforms Thread 2247" [_thread_blocked, id=14300, stack(0x000000b0b9000000,0x000000b0b9100000)]
  0x0000020df3586000 JavaThread "jar transforms Thread 2248" [_thread_blocked, id=4280, stack(0x000000b0b9100000,0x000000b0b9200000)]
  0x0000020df358f000 JavaThread "jar transforms Thread 2249" [_thread_blocked, id=12248, stack(0x000000b0b9200000,0x000000b0b9300000)]
  0x0000020df358c800 JavaThread "jar transforms Thread 2250" [_thread_blocked, id=8592, stack(0x000000b0b9300000,0x000000b0b9400000)]
  0x0000020df358d800 JavaThread "jar transforms Thread 2251" [_thread_blocked, id=1660, stack(0x000000b0b9400000,0x000000b0b9500000)]
  0x0000020df358e000 JavaThread "jar transforms Thread 2252" [_thread_blocked, id=14276, stack(0x000000b0b9500000,0x000000b0b9600000)]
  0x0000020df3589000 JavaThread "Cache worker for checksums cache (C:\Users\Reyhan\AndroidStudioProjects\GithubKu\.gradle\checksums)" [_thread_blocked, id=16808, stack(0x000000b0b9600000,0x000000b0b9700000)]
  0x0000020df358f800 JavaThread "Cache worker for cache directory md-supplier (C:\Users\Reyhan\.gradle\caches\6.7.1\md-supplier)" [_thread_blocked, id=14780, stack(0x000000b0b9700000,0x000000b0b9800000)]
  0x0000020df358a000 JavaThread "Cache worker for cache directory md-rule (C:\Users\Reyhan\.gradle\caches\6.7.1\md-rule)" [_thread_blocked, id=22916, stack(0x000000b0b9800000,0x000000b0b9900000)]

Other Threads:
  0x0000020dec460000 VMThread "VM Thread" [stack: 0x000000b0b5b00000,0x000000b0b5c00000] [id=17224]
  0x0000020decf73000 WatcherThread [stack: 0x000000b0b6500000,0x000000b0b6600000] [id=1316]
  0x0000020dd19c2000 GCTaskThread "GC Thread#0" [stack: 0x000000b0b5600000,0x000000b0b5700000] [id=23572]
  0x0000020ded8cb000 GCTaskThread "GC Thread#1" [stack: 0x000000b0b6600000,0x000000b0b6700000] [id=20076]
  0x0000020dee37f800 GCTaskThread "GC Thread#2" [stack: 0x000000b0b6e00000,0x000000b0b6f00000] [id=11856]
  0x0000020dee380800 GCTaskThread "GC Thread#3" [stack: 0x000000b0b6f00000,0x000000b0b7000000] [id=14944]
  0x0000020dee381800 GCTaskThread "GC Thread#4" [stack: 0x000000b0b7000000,0x000000b0b7100000] [id=23784]
  0x0000020dee2c4800 GCTaskThread "GC Thread#5" [stack: 0x000000b0b7100000,0x000000b0b7200000] [id=20320]
  0x0000020dee2c5000 GCTaskThread "GC Thread#6" [stack: 0x000000b0b7200000,0x000000b0b7300000] [id=23824]
  0x0000020dee2c6000 GCTaskThread "GC Thread#7" [stack: 0x000000b0b7300000,0x000000b0b7400000] [id=8972]
  0x0000020dd19f4800 ConcurrentGCThread "G1 Main Marker" [stack: 0x000000b0b5700000,0x000000b0b5800000] [id=2752]
  0x0000020dd19fa000 ConcurrentGCThread "G1 Conc#0" [stack: 0x000000b0b5800000,0x000000b0b5900000] [id=23088]
  0x0000020def777800 ConcurrentGCThread "G1 Conc#1" [stack: 0x000000b0b7f00000,0x000000b0b8000000] [id=22760]
  0x0000020dd1a7d000 ConcurrentGCThread "G1 Refine#0" [stack: 0x000000b0b5900000,0x000000b0b5a00000] [id=672]
  0x0000020def129800 ConcurrentGCThread "G1 Refine#1" [stack: 0x000000b0b7400000,0x000000b0b7500000] [id=15540]
  0x0000020def12a800 ConcurrentGCThread "G1 Refine#2" [stack: 0x000000b0b7500000,0x000000b0b7600000] [id=18316]
  0x0000020def1a8000 ConcurrentGCThread "G1 Refine#3" [stack: 0x000000b0b7600000,0x000000b0b7700000] [id=23344]
  0x0000020def1a8800 ConcurrentGCThread "G1 Refine#4" [stack: 0x000000b0b7700000,0x000000b0b7800000] [id=18352]
  0x0000020df691e800 ConcurrentGCThread "G1 Refine#5" [stack: 0x000000b0b5200000,0x000000b0b5300000] [id=16732]
  0x0000020ded46e000 ConcurrentGCThread "G1 Refine#6" [stack: 0x000000b0b5300000,0x000000b0b5400000] [id=22796]
  0x0000020dd1a7e000 ConcurrentGCThread "G1 Young RemSet Sampling" [stack: 0x000000b0b5a00000,0x000000b0b5b00000] [id=6324]

Threads with active compile tasks:
C2 CompilerThread09432952 28563       4       org.codehaus.groovy.runtime.metaclass.MetaMethodIndex::addMethodToList (298 bytes)

VM state:not at safepoint (normal execution)

VM Mutex/Monitor currently owned by a thread: None

Heap address: 0x0000000080000000, size: 2048 MB, Compressed Oops mode: 32-bit
Narrow klass base: 0x0000000000000000, Narrow klass shift: 3
Compressed class space size: 1073741824 Address: 0x0000000100000000

Heap:
 garbage-first heap   total 228352K, used 93256K [0x0000000080000000, 0x0000000100000000)
  region size 1024K, 12 young (12288K), 1 survivors (1024K)
 Metaspace       used 114787K, capacity 118564K, committed 119808K, reserved 1153024K
  class space    used 13996K, capacity 15336K, committed 15616K, reserved 1048576K
Heap Regions: E=young(eden), S=young(survivor), O=old, HS=humongous(starts), HC=humongous(continues), CS=collection set, F=free, A=archive, TAMS=top-at-mark-start (previous, next)
|   0|0x0000000080000000, 0x0000000080100000, 0x0000000080100000|100%| O|  |TAMS 0x0000000080100000, 0x0000000080000000| Complete 
|   1|0x0000000080100000, 0x0000000080200000, 0x0000000080200000|100%| O|  |TAMS 0x0000000080200000, 0x0000000080100000| Untracked 
|   2|0x0000000080200000, 0x0000000080300000, 0x0000000080300000|100%| O|  |TAMS 0x0000000080300000, 0x0000000080200000| Untracked 
|   3|0x0000000080300000, 0x0000000080400000, 0x0000000080400000|100%|HS|  |TAMS 0x0000000080400000, 0x0000000080300000| Complete 
|   4|0x0000000080400000, 0x0000000080500000, 0x0000000080500000|100%|HC|  |TAMS 0x0000000080500000, 0x0000000080400000| Complete 
|   5|0x0000000080500000, 0x0000000080600000, 0x0000000080600000|100%|HC|  |TAMS 0x0000000080600000, 0x0000000080500000| Complete 
|   6|0x0000000080600000, 0x0000000080700000, 0x0000000080700000|100%| O|  |TAMS 0x0000000080700000, 0x0000000080600000| Untracked 
|   7|0x0000000080700000, 0x0000000080800000, 0x0000000080800000|100%| O|  |TAMS 0x0000000080800000, 0x0000000080700000| Untracked 
|   8|0x0000000080800000, 0x0000000080900000, 0x0000000080900000|100%| O|  |TAMS 0x0000000080900000, 0x0000000080800000| Untracked 
|   9|0x0000000080900000, 0x0000000080a00000, 0x0000000080a00000|100%| O|  |TAMS 0x0000000080a00000, 0x0000000080900000| Complete 
|  10|0x0000000080a00000, 0x0000000080b00000, 0x0000000080b00000|100%| O|  |TAMS 0x0000000080b00000, 0x0000000080a00000| Untracked 
|  11|0x0000000080b00000, 0x0000000080c00000, 0x0000000080c00000|100%| O|  |TAMS 0x0000000080c00000, 0x0000000080b00000| Untracked 
|  12|0x0000000080c00000, 0x0000000080d00000, 0x0000000080d00000|100%| O|  |TAMS 0x0000000080d00000, 0x0000000080c00000| Complete 
|  13|0x0000000080d00000, 0x0000000080e00000, 0x0000000080e00000|100%| O|  |TAMS 0x0000000080e00000, 0x0000000080d00000| Untracked 
|  14|0x0000000080e00000, 0x0000000080f00000, 0x0000000080f00000|100%| O|  |TAMS 0x0000000080f00000, 0x0000000080e00000| Untracked 
|  15|0x0000000080f00000, 0x0000000081000000, 0x0000000081000000|100%| O|  |TAMS 0x0000000081000000, 0x0000000080f00000| Complete 
|  16|0x0000000081000000, 0x0000000081100000, 0x0000000081100000|100%| O|  |TAMS 0x0000000081100000, 0x0000000081000000| Complete 
|  17|0x0000000081100000, 0x0000000081200000, 0x0000000081200000|100%| O|  |TAMS 0x0000000081200000, 0x0000000081100000| Complete 
|  18|0x0000000081200000, 0x0000000081300000, 0x0000000081300000|100%| O|  |TAMS 0x0000000081300000, 0x0000000081200000| Complete 
|  19|0x0000000081300000, 0x0000000081400000, 0x0000000081400000|100%| O|  |TAMS 0x0000000081400000, 0x0000000081300000| Complete 
|  20|0x0000000081400000, 0x0000000081500000, 0x0000000081500000|100%| O|  |TAMS 0x0000000081500000, 0x0000000081400000| Complete 
|  21|0x0000000081500000, 0x0000000081600000, 0x0000000081600000|100%| O|  |TAMS 0x0000000081600000, 0x0000000081500000| Complete 
|  22|0x0000000081600000, 0x0000000081700000, 0x0000000081700000|100%| O|  |TAMS 0x0000000081700000, 0x0000000081600000| Complete 
|  23|0x0000000081700000, 0x0000000081800000, 0x0000000081800000|100%| O|  |TAMS 0x0000000081800000, 0x0000000081700000| Complete 
|  24|0x0000000081800000, 0x0000000081900000, 0x0000000081900000|100%|HS|  |TAMS 0x0000000081900000, 0x0000000081800000| Complete 
|  25|0x0000000081900000, 0x0000000081a00000, 0x0000000081a00000|100%|HS|  |TAMS 0x0000000081a00000, 0x0000000081900000| Complete 
|  26|0x0000000081a00000, 0x0000000081b00000, 0x0000000081b00000|100%|HC|  |TAMS 0x0000000081b00000, 0x0000000081a00000| Complete 
|  27|0x0000000081b00000, 0x0000000081c00000, 0x0000000081c00000|100%| O|  |TAMS 0x0000000081c00000, 0x0000000081b00000| Complete 
|  28|0x0000000081c00000, 0x0000000081d00000, 0x0000000081d00000|100%|HS|  |TAMS 0x0000000081c00000, 0x0000000081c00000| Complete 
|  29|0x0000000081d00000, 0x0000000081e00000, 0x0000000081e00000|100%|HC|  |TAMS 0x0000000081d00000, 0x0000000081d00000| Complete 
|  30|0x0000000081e00000, 0x0000000081f00000, 0x0000000081f00000|100%| O|  |TAMS 0x0000000081f00000, 0x0000000081e00000| Untracked 
|  31|0x0000000081f00000, 0x0000000082000000, 0x0000000082000000|100%| O|  |TAMS 0x0000000082000000, 0x0000000081f00000| Complete 
|  32|0x0000000082000000, 0x0000000082100000, 0x0000000082100000|100%| O|  |TAMS 0x0000000082100000, 0x0000000082000000| Complete 
|  33|0x0000000082100000, 0x0000000082200000, 0x0000000082200000|100%| O|  |TAMS 0x0000000082200000, 0x0000000082100000| Untracked 
|  34|0x0000000082200000, 0x0000000082300000, 0x0000000082300000|100%| O|  |TAMS 0x0000000082300000, 0x0000000082200000| Complete 
|  35|0x0000000082300000, 0x0000000082400000, 0x0000000082400000|100%| O|  |TAMS 0x0000000082400000, 0x0000000082300000| Untracked 
|  36|0x0000000082400000, 0x0000000082500000, 0x0000000082500000|100%| O|  |TAMS 0x0000000082500000, 0x0000000082400000| Untracked 
|  37|0x0000000082500000, 0x0000000082600000, 0x0000000082600000|100%| O|  |TAMS 0x0000000082600000, 0x0000000082500000| Untracked 
|  38|0x0000000082600000, 0x0000000082700000, 0x0000000082700000|100%| O|  |TAMS 0x0000000082700000, 0x0000000082600000| Complete 
|  39|0x0000000082700000, 0x0000000082800000, 0x0000000082800000|100%| O|  |TAMS 0x0000000082800000, 0x0000000082700000| Complete 
|  40|0x0000000082800000, 0x0000000082900000, 0x0000000082900000|100%| O|  |TAMS 0x0000000082900000, 0x0000000082800000| Complete 
|  41|0x0000000082900000, 0x0000000082900000, 0x0000000082a00000|  0%| F|  |TAMS 0x0000000082900000, 0x0000000082900000| Untracked 
|  42|0x0000000082a00000, 0x0000000082b00000, 0x0000000082b00000|100%| O|  |TAMS 0x0000000082b00000, 0x0000000082a00000| Complete 
|  43|0x0000000082b00000, 0x0000000082b00000, 0x0000000082c00000|  0%| F|  |TAMS 0x0000000082b00000, 0x0000000082b00000| Untracked 
|  44|0x0000000082c00000, 0x0000000082d00000, 0x0000000082d00000|100%| O|  |TAMS 0x0000000082d00000, 0x0000000082c00000| Untracked 
|  45|0x0000000082d00000, 0x0000000082e00000, 0x0000000082e00000|100%| O|  |TAMS 0x0000000082e00000, 0x0000000082d00000| Complete 
|  46|0x0000000082e00000, 0x0000000082f00000, 0x0000000082f00000|100%| O|  |TAMS 0x0000000082f00000, 0x0000000082e00000| Complete 
|  47|0x0000000082f00000, 0x0000000083000000, 0x0000000083000000|100%| O|  |TAMS 0x0000000083000000, 0x0000000082f00000| Complete 
|  48|0x0000000083000000, 0x0000000083100000, 0x0000000083100000|100%| O|  |TAMS 0x0000000083100000, 0x0000000083000000| Untracked 
|  49|0x0000000083100000, 0x0000000083200000, 0x0000000083200000|100%| O|  |TAMS 0x0000000083200000, 0x0000000083100000| Complete 
|  50|0x0000000083200000, 0x0000000083300000, 0x0000000083300000|100%| O|  |TAMS 0x0000000083300000, 0x0000000083200000| Complete 
|  51|0x0000000083300000, 0x0000000083300000, 0x0000000083400000|  0%| F|  |TAMS 0x0000000083300000, 0x0000000083300000| Untracked 
|  52|0x0000000083400000, 0x0000000083500000, 0x0000000083500000|100%| O|  |TAMS 0x0000000083500000, 0x0000000083400000| Complete 
|  53|0x0000000083500000, 0x0000000083600000, 0x0000000083600000|100%| O|  |TAMS 0x0000000083600000, 0x0000000083500000| Untracked 
|  54|0x0000000083600000, 0x0000000083700000, 0x0000000083700000|100%| O|  |TAMS 0x0000000083700000, 0x0000000083600000| Complete 
|  55|0x0000000083700000, 0x0000000083700000, 0x0000000083800000|  0%| F|  |TAMS 0x0000000083700000, 0x0000000083700000| Untracked 
|  56|0x0000000083800000, 0x0000000083900000, 0x0000000083900000|100%| O|  |TAMS 0x0000000083900000, 0x0000000083800000| Untracked 
|  57|0x0000000083900000, 0x0000000083a00000, 0x0000000083a00000|100%| O|  |TAMS 0x0000000083a00000, 0x0000000083900000| Complete 
|  58|0x0000000083a00000, 0x0000000083b00000, 0x0000000083b00000|100%| O|  |TAMS 0x0000000083b00000, 0x0000000083a00000| Untracked 
|  59|0x0000000083b00000, 0x0000000083c00000, 0x0000000083c00000|100%| O|  |TAMS 0x0000000083c00000, 0x0000000083b00000| Untracked 
|  60|0x0000000083c00000, 0x0000000083c3c800, 0x0000000083d00000| 23%| O|  |TAMS 0x0000000083c3c800, 0x0000000083c00000| Untracked 
|  61|0x0000000083d00000, 0x0000000083e00000, 0x0000000083e00000|100%| O|  |TAMS 0x0000000083e00000, 0x0000000083d00000| Complete 
|  62|0x0000000083e00000, 0x0000000083f00000, 0x0000000083f00000|100%| O|  |TAMS 0x0000000083f00000, 0x0000000083e00000| Complete 
|  63|0x0000000083f00000, 0x0000000084000000, 0x0000000084000000|100%| O|  |TAMS 0x0000000084000000, 0x0000000083f00000| Complete 
|  64|0x0000000084000000, 0x0000000084100000, 0x0000000084100000|100%| O|  |TAMS 0x0000000084100000, 0x0000000084000000| Untracked 
|  65|0x0000000084100000, 0x0000000084200000, 0x0000000084200000|100%| O|  |TAMS 0x0000000084200000, 0x0000000084100000| Complete 
|  66|0x0000000084200000, 0x0000000084300000, 0x0000000084300000|100%| O|  |TAMS 0x0000000084300000, 0x0000000084200000| Complete 
|  67|0x0000000084300000, 0x0000000084400000, 0x0000000084400000|100%| O|  |TAMS 0x0000000084400000, 0x0000000084300000| Complete 
|  68|0x0000000084400000, 0x0000000084500000, 0x0000000084500000|100%| O|  |TAMS 0x0000000084500000, 0x0000000084400000| Complete 
|  69|0x0000000084500000, 0x0000000084600000, 0x0000000084600000|100%| O|  |TAMS 0x0000000084600000, 0x0000000084500000| Complete 
|  70|0x0000000084600000, 0x0000000084600000, 0x0000000084700000|  0%| F|  |TAMS 0x0000000084600000, 0x0000000084600000| Untracked 
|  71|0x0000000084700000, 0x0000000084800000, 0x0000000084800000|100%| O|  |TAMS 0x0000000084800000, 0x0000000084700000| Untracked 
|  72|0x0000000084800000, 0x0000000084900000, 0x0000000084900000|100%| O|  |TAMS 0x0000000084900000, 0x0000000084800000| Complete 
|  73|0x0000000084900000, 0x0000000084a00000, 0x0000000084a00000|100%| O|  |TAMS 0x0000000084a00000, 0x0000000084900000| Complete 
|  74|0x0000000084a00000, 0x0000000084b00000, 0x0000000084b00000|100%| O|  |TAMS 0x0000000084b00000, 0x0000000084a00000| Complete 
|  75|0x0000000084b00000, 0x0000000084c00000, 0x0000000084c00000|100%| O|  |TAMS 0x0000000084c00000, 0x0000000084b00000| Complete 
|  76|0x0000000084c00000, 0x0000000084d00000, 0x0000000084d00000|100%| O|  |TAMS 0x0000000084d00000, 0x0000000084c00000| Untracked 
|  77|0x0000000084d00000, 0x0000000084e00000, 0x0000000084e00000|100%| O|  |TAMS 0x0000000084e00000, 0x0000000084d00000| Complete 
|  78|0x0000000084e00000, 0x0000000084f00000, 0x0000000084f00000|100%| O|  |TAMS 0x0000000084f00000, 0x0000000084e00000| Complete 
|  79|0x0000000084f00000, 0x0000000084f00000, 0x0000000085000000|  0%| F|  |TAMS 0x0000000084f00000, 0x0000000084f00000| Untracked 
|  80|0x0000000085000000, 0x0000000085100000, 0x0000000085100000|100%| O|  |TAMS 0x0000000085100000, 0x0000000085000000| Complete 
|  81|0x0000000085100000, 0x0000000085200000, 0x0000000085200000|100%|HS|  |TAMS 0x0000000085100000, 0x0000000085100000| Complete 
|  82|0x0000000085200000, 0x0000000085300000, 0x0000000085300000|100%|HC|  |TAMS 0x0000000085200000, 0x0000000085200000| Complete 
|  83|0x0000000085300000, 0x0000000085400000, 0x0000000085400000|100%|HC|  |TAMS 0x0000000085300000, 0x0000000085300000| Complete 
|  84|0x0000000085400000, 0x0000000085500000, 0x0000000085500000|100%|HS|  |TAMS 0x0000000085400000, 0x0000000085400000| Complete 
|  85|0x0000000085500000, 0x0000000085600000, 0x0000000085600000|100%|HC|  |TAMS 0x0000000085500000, 0x0000000085500000| Complete 
|  86|0x0000000085600000, 0x0000000085700000, 0x0000000085700000|100%|HC|  |TAMS 0x0000000085600000, 0x0000000085600000| Complete 
|  87|0x0000000085700000, 0x0000000085800000, 0x0000000085800000|100%|HC|  |TAMS 0x0000000085700000, 0x0000000085700000| Complete 
|  88|0x0000000085800000, 0x0000000085800000, 0x0000000085900000|  0%| F|  |TAMS 0x0000000085800000, 0x0000000085800000| Untracked 
|  89|0x0000000085900000, 0x0000000085900000, 0x0000000085a00000|  0%| F|  |TAMS 0x0000000085900000, 0x0000000085900000| Untracked 
|  90|0x0000000085a00000, 0x0000000085a00000, 0x0000000085b00000|  0%| F|  |TAMS 0x0000000085a00000, 0x0000000085a00000| Untracked 
|  91|0x0000000085b00000, 0x0000000085b00000, 0x0000000085c00000|  0%| F|  |TAMS 0x0000000085b00000, 0x0000000085b00000| Untracked 
|  92|0x0000000085c00000, 0x0000000085c00000, 0x0000000085d00000|  0%| F|  |TAMS 0x0000000085c00000, 0x0000000085c00000| Untracked 
|  93|0x0000000085d00000, 0x0000000085d00000, 0x0000000085e00000|  0%| F|  |TAMS 0x0000000085d00000, 0x0000000085d00000| Untracked 
|  94|0x0000000085e00000, 0x0000000085e00000, 0x0000000085f00000|  0%| F|  |TAMS 0x0000000085e00000, 0x0000000085e00000| Untracked 
|  95|0x0000000085f00000, 0x0000000085f00000, 0x0000000086000000|  0%| F|  |TAMS 0x0000000085f00000, 0x0000000085f00000| Untracked 
|  96|0x0000000086000000, 0x0000000086000000, 0x0000000086100000|  0%| F|  |TAMS 0x0000000086000000, 0x0000000086000000| Untracked 
|  97|0x0000000086100000, 0x0000000086100000, 0x0000000086200000|  0%| F|  |TAMS 0x0000000086100000, 0x0000000086100000| Untracked 
|  98|0x0000000086200000, 0x0000000086200000, 0x0000000086300000|  0%| F|  |TAMS 0x0000000086200000, 0x0000000086200000| Untracked 
|  99|0x0000000086300000, 0x0000000086300000, 0x0000000086400000|  0%| F|  |TAMS 0x0000000086300000, 0x0000000086300000| Untracked 
| 100|0x0000000086400000, 0x0000000086400000, 0x0000000086500000|  0%| F|  |TAMS 0x0000000086400000, 0x0000000086400000| Untracked 
| 101|0x0000000086500000, 0x0000000086500000, 0x0000000086600000|  0%| F|  |TAMS 0x0000000086500000, 0x0000000086500000| Untracked 
| 102|0x0000000086600000, 0x0000000086600000, 0x0000000086700000|  0%| F|  |TAMS 0x0000000086600000, 0x0000000086600000| Untracked 
| 103|0x0000000086700000, 0x0000000086700000, 0x0000000086800000|  0%| F|  |TAMS 0x0000000086700000, 0x0000000086700000| Untracked 
| 104|0x0000000086800000, 0x0000000086800000, 0x0000000086900000|  0%| F|  |TAMS 0x0000000086800000, 0x0000000086800000| Untracked 
| 105|0x0000000086900000, 0x0000000086900000, 0x0000000086a00000|  0%| F|  |TAMS 0x0000000086900000, 0x0000000086900000| Untracked 
| 106|0x0000000086a00000, 0x0000000086a00000, 0x0000000086b00000|  0%| F|  |TAMS 0x0000000086a00000, 0x0000000086a00000| Untracked 
| 107|0x0000000086b00000, 0x0000000086b00000, 0x0000000086c00000|  0%| F|  |TAMS 0x0000000086b00000, 0x0000000086b00000| Untracked 
| 108|0x0000000086c00000, 0x0000000086c00000, 0x0000000086d00000|  0%| F|  |TAMS 0x0000000086c00000, 0x0000000086c00000| Untracked 
| 109|0x0000000086d00000, 0x0000000086d00000, 0x0000000086e00000|  0%| F|  |TAMS 0x0000000086d00000, 0x0000000086d00000| Untracked 
| 110|0x0000000086e00000, 0x0000000086e00000, 0x0000000086f00000|  0%| F|  |TAMS 0x0000000086e00000, 0x0000000086e00000| Untracked 
| 111|0x0000000086f00000, 0x0000000086f00000, 0x0000000087000000|  0%| F|  |TAMS 0x0000000086f00000, 0x0000000086f00000| Untracked 
| 112|0x0000000087000000, 0x0000000087000000, 0x0000000087100000|  0%| F|  |TAMS 0x0000000087000000, 0x0000000087000000| Untracked 
| 113|0x0000000087100000, 0x0000000087100000, 0x0000000087200000|  0%| F|  |TAMS 0x0000000087100000, 0x0000000087100000| Untracked 
| 114|0x0000000087200000, 0x0000000087200000, 0x0000000087300000|  0%| F|  |TAMS 0x0000000087200000, 0x0000000087200000| Untracked 
| 115|0x0000000087300000, 0x0000000087300000, 0x0000000087400000|  0%| F|  |TAMS 0x0000000087300000, 0x0000000087300000| Untracked 
| 116|0x0000000087400000, 0x0000000087400000, 0x0000000087500000|  0%| F|  |TAMS 0x0000000087400000, 0x0000000087400000| Untracked 
| 117|0x0000000087500000, 0x0000000087500000, 0x0000000087600000|  0%| F|  |TAMS 0x0000000087500000, 0x0000000087500000| Untracked 
| 118|0x0000000087600000, 0x0000000087600000, 0x0000000087700000|  0%| F|  |TAMS 0x0000000087600000, 0x0000000087600000| Untracked 
| 119|0x0000000087700000, 0x0000000087700000, 0x0000000087800000|  0%| F|  |TAMS 0x0000000087700000, 0x0000000087700000| Untracked 
| 120|0x0000000087800000, 0x0000000087800000, 0x0000000087900000|  0%| F|  |TAMS 0x0000000087800000, 0x0000000087800000| Untracked 
| 121|0x0000000087900000, 0x0000000087900000, 0x0000000087a00000|  0%| F|  |TAMS 0x0000000087900000, 0x0000000087900000| Untracked 
| 122|0x0000000087a00000, 0x0000000087a00000, 0x0000000087b00000|  0%| F|  |TAMS 0x0000000087a00000, 0x0000000087a00000| Untracked 
| 123|0x0000000087b00000, 0x0000000087b00000, 0x0000000087c00000|  0%| F|  |TAMS 0x0000000087b00000, 0x0000000087b00000| Untracked 
| 124|0x0000000087c00000, 0x0000000087c00000, 0x0000000087d00000|  0%| F|  |TAMS 0x0000000087c00000, 0x0000000087c00000| Untracked 
| 125|0x0000000087d00000, 0x0000000087d00000, 0x0000000087e00000|  0%| F|  |TAMS 0x0000000087d00000, 0x0000000087d00000| Untracked 
| 126|0x0000000087e00000, 0x0000000087e00000, 0x0000000087f00000|  0%| F|  |TAMS 0x0000000087e00000, 0x0000000087e00000| Untracked 
| 127|0x0000000087f00000, 0x0000000087f00000, 0x0000000088000000|  0%| F|  |TAMS 0x0000000087f00000, 0x0000000087f00000| Untracked 
| 128|0x0000000088000000, 0x0000000088000000, 0x0000000088100000|  0%| F|  |TAMS 0x0000000088000000, 0x0000000088000000| Untracked 
| 129|0x0000000088100000, 0x0000000088100000, 0x0000000088200000|  0%| F|  |TAMS 0x0000000088100000, 0x0000000088100000| Untracked 
| 130|0x0000000088200000, 0x0000000088200000, 0x0000000088300000|  0%| F|  |TAMS 0x0000000088200000, 0x0000000088200000| Untracked 
| 131|0x0000000088300000, 0x0000000088300000, 0x0000000088400000|  0%| F|  |TAMS 0x0000000088300000, 0x0000000088300000| Untracked 
| 132|0x0000000088400000, 0x0000000088400000, 0x0000000088500000|  0%| F|  |TAMS 0x0000000088400000, 0x0000000088400000| Untracked 
| 133|0x0000000088500000, 0x0000000088500000, 0x0000000088600000|  0%| F|  |TAMS 0x0000000088500000, 0x0000000088500000| Untracked 
| 134|0x0000000088600000, 0x0000000088600000, 0x0000000088700000|  0%| F|  |TAMS 0x0000000088600000, 0x0000000088600000| Untracked 
| 135|0x0000000088700000, 0x0000000088700000, 0x0000000088800000|  0%| F|  |TAMS 0x0000000088700000, 0x0000000088700000| Untracked 
| 136|0x0000000088800000, 0x0000000088800000, 0x0000000088900000|  0%| F|  |TAMS 0x0000000088800000, 0x0000000088800000| Untracked 
| 137|0x0000000088900000, 0x0000000088900000, 0x0000000088a00000|  0%| F|  |TAMS 0x0000000088900000, 0x0000000088900000| Untracked 
| 138|0x0000000088a00000, 0x0000000088a00000, 0x0000000088b00000|  0%| F|  |TAMS 0x0000000088a00000, 0x0000000088a00000| Untracked 
| 139|0x0000000088b00000, 0x0000000088b00000, 0x0000000088c00000|  0%| F|  |TAMS 0x0000000088b00000, 0x0000000088b00000| Untracked 
| 140|0x0000000088c00000, 0x0000000088c00000, 0x0000000088d00000|  0%| F|  |TAMS 0x0000000088c00000, 0x0000000088c00000| Untracked 
| 141|0x0000000088d00000, 0x0000000088d00000, 0x0000000088e00000|  0%| F|  |TAMS 0x0000000088d00000, 0x0000000088d00000| Untracked 
| 142|0x0000000088e00000, 0x0000000088e00000, 0x0000000088f00000|  0%| F|  |TAMS 0x0000000088e00000, 0x0000000088e00000| Untracked 
| 143|0x0000000088f00000, 0x0000000088f00000, 0x0000000089000000|  0%| F|  |TAMS 0x0000000088f00000, 0x0000000088f00000| Untracked 
| 144|0x0000000089000000, 0x0000000089000000, 0x0000000089100000|  0%| F|  |TAMS 0x0000000089000000, 0x0000000089000000| Untracked 
| 145|0x0000000089100000, 0x0000000089100000, 0x0000000089200000|  0%| F|  |TAMS 0x0000000089100000, 0x0000000089100000| Untracked 
| 146|0x0000000089200000, 0x0000000089200000, 0x0000000089300000|  0%| F|  |TAMS 0x0000000089200000, 0x0000000089200000| Untracked 
| 147|0x0000000089300000, 0x0000000089300000, 0x0000000089400000|  0%| F|  |TAMS 0x0000000089300000, 0x0000000089300000| Untracked 
| 148|0x0000000089400000, 0x0000000089400000, 0x0000000089500000|  0%| F|  |TAMS 0x0000000089400000, 0x0000000089400000| Untracked 
| 149|0x0000000089500000, 0x0000000089500000, 0x0000000089600000|  0%| F|  |TAMS 0x0000000089500000, 0x0000000089500000| Untracked 
| 150|0x0000000089600000, 0x0000000089600000, 0x0000000089700000|  0%| F|  |TAMS 0x0000000089600000, 0x0000000089600000| Untracked 
| 151|0x0000000089700000, 0x0000000089700000, 0x0000000089800000|  0%| F|  |TAMS 0x0000000089700000, 0x0000000089700000| Untracked 
| 152|0x0000000089800000, 0x0000000089800000, 0x0000000089900000|  0%| F|  |TAMS 0x0000000089800000, 0x0000000089800000| Untracked 
| 153|0x0000000089900000, 0x0000000089900000, 0x0000000089a00000|  0%| F|  |TAMS 0x0000000089900000, 0x0000000089900000| Untracked 
| 154|0x0000000089a00000, 0x0000000089a00000, 0x0000000089b00000|  0%| F|  |TAMS 0x0000000089a00000, 0x0000000089a00000| Untracked 
| 155|0x0000000089b00000, 0x0000000089b00000, 0x0000000089c00000|  0%| F|  |TAMS 0x0000000089b00000, 0x0000000089b00000| Untracked 
| 156|0x0000000089c00000, 0x0000000089c00000, 0x0000000089d00000|  0%| F|  |TAMS 0x0000000089c00000, 0x0000000089c00000| Untracked 
| 157|0x0000000089d00000, 0x0000000089d00000, 0x0000000089e00000|  0%| F|  |TAMS 0x0000000089d00000, 0x0000000089d00000| Untracked 
| 158|0x0000000089e00000, 0x0000000089e00000, 0x0000000089f00000|  0%| F|  |TAMS 0x0000000089e00000, 0x0000000089e00000| Untracked 
| 159|0x0000000089f00000, 0x0000000089f00000, 0x000000008a000000|  0%| F|  |TAMS 0x0000000089f00000, 0x0000000089f00000| Untracked 
| 160|0x000000008a000000, 0x000000008a000000, 0x000000008a100000|  0%| F|  |TAMS 0x000000008a000000, 0x000000008a000000| Untracked 
| 161|0x000000008a100000, 0x000000008a100000, 0x000000008a200000|  0%| F|  |TAMS 0x000000008a100000, 0x000000008a100000| Untracked 
| 162|0x000000008a200000, 0x000000008a200000, 0x000000008a300000|  0%| F|  |TAMS 0x000000008a200000, 0x000000008a200000| Untracked 
| 163|0x000000008a300000, 0x000000008a300000, 0x000000008a400000|  0%| F|  |TAMS 0x000000008a300000, 0x000000008a300000| Untracked 
| 164|0x000000008a400000, 0x000000008a400000, 0x000000008a500000|  0%| F|  |TAMS 0x000000008a400000, 0x000000008a400000| Untracked 
| 165|0x000000008a500000, 0x000000008a500000, 0x000000008a600000|  0%| F|  |TAMS 0x000000008a500000, 0x000000008a500000| Untracked 
| 166|0x000000008a600000, 0x000000008a600000, 0x000000008a700000|  0%| F|  |TAMS 0x000000008a600000, 0x000000008a600000| Untracked 
| 167|0x000000008a700000, 0x000000008a700000, 0x000000008a800000|  0%| F|  |TAMS 0x000000008a700000, 0x000000008a700000| Untracked 
| 168|0x000000008a800000, 0x000000008a800000, 0x000000008a900000|  0%| F|  |TAMS 0x000000008a800000, 0x000000008a800000| Untracked 
| 169|0x000000008a900000, 0x000000008a900000, 0x000000008aa00000|  0%| F|  |TAMS 0x000000008a900000, 0x000000008a900000| Untracked 
| 170|0x000000008aa00000, 0x000000008aa00000, 0x000000008ab00000|  0%| F|  |TAMS 0x000000008aa00000, 0x000000008aa00000| Untracked 
| 171|0x000000008ab00000, 0x000000008ab00000, 0x000000008ac00000|  0%| F|  |TAMS 0x000000008ab00000, 0x000000008ab00000| Untracked 
| 172|0x000000008ac00000, 0x000000008ac00000, 0x000000008ad00000|  0%| F|  |TAMS 0x000000008ac00000, 0x000000008ac00000| Untracked 
| 173|0x000000008ad00000, 0x000000008ad00000, 0x000000008ae00000|  0%| F|  |TAMS 0x000000008ad00000, 0x000000008ad00000| Untracked 
| 174|0x000000008ae00000, 0x000000008ae00000, 0x000000008af00000|  0%| F|  |TAMS 0x000000008ae00000, 0x000000008ae00000| Untracked 
| 175|0x000000008af00000, 0x000000008af00000, 0x000000008b000000|  0%| F|  |TAMS 0x000000008af00000, 0x000000008af00000| Untracked 
| 176|0x000000008b000000, 0x000000008b000000, 0x000000008b100000|  0%| F|  |TAMS 0x000000008b000000, 0x000000008b000000| Untracked 
| 177|0x000000008b100000, 0x000000008b100000, 0x000000008b200000|  0%| F|  |TAMS 0x000000008b100000, 0x000000008b100000| Untracked 
| 178|0x000000008b200000, 0x000000008b200000, 0x000000008b300000|  0%| F|  |TAMS 0x000000008b200000, 0x000000008b200000| Untracked 
| 179|0x000000008b300000, 0x000000008b300000, 0x000000008b400000|  0%| F|  |TAMS 0x000000008b300000, 0x000000008b300000| Untracked 
| 180|0x000000008b400000, 0x000000008b400000, 0x000000008b500000|  0%| F|  |TAMS 0x000000008b400000, 0x000000008b400000| Untracked 
| 181|0x000000008b500000, 0x000000008b500000, 0x000000008b600000|  0%| F|  |TAMS 0x000000008b500000, 0x000000008b500000| Untracked 
| 182|0x000000008b600000, 0x000000008b600000, 0x000000008b700000|  0%| F|  |TAMS 0x000000008b600000, 0x000000008b600000| Untracked 
| 183|0x000000008b700000, 0x000000008b700000, 0x000000008b800000|  0%| F|  |TAMS 0x000000008b700000, 0x000000008b700000| Untracked 
| 184|0x000000008b800000, 0x000000008b800000, 0x000000008b900000|  0%| F|  |TAMS 0x000000008b800000, 0x000000008b800000| Untracked 
| 185|0x000000008b900000, 0x000000008b900000, 0x000000008ba00000|  0%| F|  |TAMS 0x000000008b900000, 0x000000008b900000| Untracked 
| 186|0x000000008ba00000, 0x000000008ba00000, 0x000000008bb00000|  0%| F|  |TAMS 0x000000008ba00000, 0x000000008ba00000| Untracked 
| 187|0x000000008bb00000, 0x000000008bb00000, 0x000000008bc00000|  0%| F|  |TAMS 0x000000008bb00000, 0x000000008bb00000| Untracked 
| 188|0x000000008bc00000, 0x000000008bcd5ad0, 0x000000008bd00000| 83%| S|CS|TAMS 0x000000008bc00000, 0x000000008bc00000| Complete 
| 189|0x000000008bd00000, 0x000000008bd00000, 0x000000008be00000|  0%| F|  |TAMS 0x000000008bd00000, 0x000000008bd00000| Untracked 
| 190|0x000000008be00000, 0x000000008be00000, 0x000000008bf00000|  0%| F|  |TAMS 0x000000008be00000, 0x000000008be00000| Untracked 
| 191|0x000000008bf00000, 0x000000008bf00000, 0x000000008c000000|  0%| F|  |TAMS 0x000000008bf00000, 0x000000008bf00000| Untracked 
| 192|0x000000008c000000, 0x000000008c000000, 0x000000008c100000|  0%| F|  |TAMS 0x000000008c000000, 0x000000008c000000| Untracked 
| 193|0x000000008c100000, 0x000000008c100000, 0x000000008c200000|  0%| F|  |TAMS 0x000000008c100000, 0x000000008c100000| Untracked 
| 194|0x000000008c200000, 0x000000008c200000, 0x000000008c300000|  0%| F|  |TAMS 0x000000008c200000, 0x000000008c200000| Untracked 
| 195|0x000000008c300000, 0x000000008c300000, 0x000000008c400000|  0%| F|  |TAMS 0x000000008c300000, 0x000000008c300000| Untracked 
| 196|0x000000008c400000, 0x000000008c400000, 0x000000008c500000|  0%| F|  |TAMS 0x000000008c400000, 0x000000008c400000| Untracked 
| 197|0x000000008c500000, 0x000000008c500000, 0x000000008c600000|  0%| F|  |TAMS 0x000000008c500000, 0x000000008c500000| Untracked 
| 198|0x000000008c600000, 0x000000008c600000, 0x000000008c700000|  0%| F|  |TAMS 0x000000008c600000, 0x000000008c600000| Untracked 
| 199|0x000000008c700000, 0x000000008c700000, 0x000000008c800000|  0%| F|  |TAMS 0x000000008c700000, 0x000000008c700000| Untracked 
| 200|0x000000008c800000, 0x000000008c800000, 0x000000008c900000|  0%| F|  |TAMS 0x000000008c800000, 0x000000008c800000| Untracked 
| 201|0x000000008c900000, 0x000000008c900000, 0x000000008ca00000|  0%| F|  |TAMS 0x000000008c900000, 0x000000008c900000| Untracked 
| 202|0x000000008ca00000, 0x000000008ca00000, 0x000000008cb00000|  0%| F|  |TAMS 0x000000008ca00000, 0x000000008ca00000| Untracked 
| 203|0x000000008cb00000, 0x000000008cb00000, 0x000000008cc00000|  0%| F|  |TAMS 0x000000008cb00000, 0x000000008cb00000| Untracked 
| 204|0x000000008cc00000, 0x000000008cc00000, 0x000000008cd00000|  0%| F|  |TAMS 0x000000008cc00000, 0x000000008cc00000| Untracked 
| 205|0x000000008cd00000, 0x000000008cd00000, 0x000000008ce00000|  0%| F|  |TAMS 0x000000008cd00000, 0x000000008cd00000| Untracked 
| 206|0x000000008ce00000, 0x000000008ce00000, 0x000000008cf00000|  0%| F|  |TAMS 0x000000008ce00000, 0x000000008ce00000| Untracked 
| 207|0x000000008cf00000, 0x000000008cf00000, 0x000000008d000000|  0%| F|  |TAMS 0x000000008cf00000, 0x000000008cf00000| Untracked 
| 208|0x000000008d000000, 0x000000008d000000, 0x000000008d100000|  0%| F|  |TAMS 0x000000008d000000, 0x000000008d000000| Untracked 
| 209|0x000000008d100000, 0x000000008d100000, 0x000000008d200000|  0%| F|  |TAMS 0x000000008d100000, 0x000000008d100000| Untracked 
| 210|0x000000008d200000, 0x000000008d200000, 0x000000008d300000|  0%| F|  |TAMS 0x000000008d200000, 0x000000008d200000| Untracked 
| 211|0x000000008d300000, 0x000000008d331dd0, 0x000000008d400000| 19%| E|  |TAMS 0x000000008d300000, 0x000000008d300000| Complete 
| 212|0x000000008d400000, 0x000000008d500000, 0x000000008d500000|100%| E|CS|TAMS 0x000000008d400000, 0x000000008d400000| Complete 
| 213|0x000000008d500000, 0x000000008d600000, 0x000000008d600000|100%| E|CS|TAMS 0x000000008d500000, 0x000000008d500000| Complete 
| 214|0x000000008d600000, 0x000000008d700000, 0x000000008d700000|100%| E|CS|TAMS 0x000000008d600000, 0x000000008d600000| Complete 
| 215|0x000000008d700000, 0x000000008d800000, 0x000000008d800000|100%| E|CS|TAMS 0x000000008d700000, 0x000000008d700000| Complete 
| 216|0x000000008d800000, 0x000000008d900000, 0x000000008d900000|100%| E|CS|TAMS 0x000000008d800000, 0x000000008d800000| Complete 
| 217|0x000000008d900000, 0x000000008da00000, 0x000000008da00000|100%| E|CS|TAMS 0x000000008d900000, 0x000000008d900000| Complete 
| 218|0x000000008da00000, 0x000000008db00000, 0x000000008db00000|100%| E|CS|TAMS 0x000000008da00000, 0x000000008da00000| Complete 
| 219|0x000000008db00000, 0x000000008dc00000, 0x000000008dc00000|100%| E|  |TAMS 0x000000008db00000, 0x000000008db00000| Complete 
| 220|0x000000008dc00000, 0x000000008dd00000, 0x000000008dd00000|100%| E|CS|TAMS 0x000000008dc00000, 0x000000008dc00000| Complete 
| 221|0x000000008dd00000, 0x000000008de00000, 0x000000008de00000|100%| E|CS|TAMS 0x000000008dd00000, 0x000000008dd00000| Complete 
| 222|0x000000008de00000, 0x000000008df00000, 0x000000008df00000|100%| E|CS|TAMS 0x000000008de00000, 0x000000008de00000| Complete 

Card table byte_map: [0x0000020de51b0000,0x0000020de55b0000] _byte_map_base: 0x0000020de4db0000

Marking Bits (Prev, Next): (CMBitMap*) 0x0000020dd19eb860, (CMBitMap*) 0x0000020dd19eb828
 Prev Bits: [0x0000020de79b0000, 0x0000020de99b0000)
 Next Bits: [0x0000020de59b0000, 0x0000020de79b0000)

Polling page: 0x0000020dd0160000

Metaspace:

Usage:
  Non-class:    100.81 MB capacity,    98.43 MB ( 98%) used,     1.96 MB (  2%) free+waste,   426.50 KB ( <1%) overhead. 
      Class:     14.98 MB capacity,    13.67 MB ( 91%) used,     1.13 MB (  8%) free+waste,   185.31 KB (  1%) overhead. 
       Both:    115.79 MB capacity,   112.10 MB ( 97%) used,     3.09 MB (  3%) free+waste,   611.81 KB ( <1%) overhead. 

Virtual space:
  Non-class space:      102.00 MB reserved,     101.75 MB (>99%) committed 
      Class space:        1.00 GB reserved,      15.25 MB (  1%) committed 
             Both:        1.10 GB reserved,     117.00 MB ( 10%) committed 

Chunk freelists:
   Non-Class:  772.00 KB
       Class:  182.00 KB
        Both:  954.00 KB

MaxMetaspaceSize: 17179869184.00 GB
CompressedClassSpaceSize: 1.00 GB

CodeHeap 'non-profiled nmethods': size=120000Kb used=19654Kb max_used=19654Kb free=100345Kb
 bounds [0x0000020ddce00000, 0x0000020dde140000, 0x0000020de4330000]
CodeHeap 'profiled nmethods': size=120000Kb used=43140Kb max_used=43255Kb free=76859Kb
 bounds [0x0000020dd58d0000, 0x0000020dd8380000, 0x0000020ddce00000]
CodeHeap 'non-nmethods': size=5760Kb used=2301Kb max_used=2391Kb free=3458Kb
 bounds [0x0000020dd5330000, 0x0000020dd55a0000, 0x0000020dd58d0000]
 total_blobs=22169 nmethods=21258 adapters=818
 compilation: enabled
              stopped_count=0, restarted_count=0
 full_count=0

Compilation events (20 events):
Event: 9432.628 Thread 0x0000020dec486800 28561       3       org.codehaus.groovy.reflection.CachedClass$3::initValue (232 bytes)
Event: 9432.635 Thread 0x0000020dec486800 nmethod 28561 0x0000020dd7192f90 code [0x0000020dd7193420, 0x0000020dd7195b08]
Event: 9432.635 Thread 0x0000020dec486800 28565       3       java.lang.Class::getInterfaces (49 bytes)
Event: 9432.636 Thread 0x0000020dec486800 nmethod 28565 0x0000020dd5b27310 code [0x0000020dd5b27520, 0x0000020dd5b279b8]
Event: 9432.636 Thread 0x0000020dec482000 nmethod 28557 0x0000020dde134710 code [0x0000020dde1348c0, 0x0000020dde134df8]
Event: 9432.636 Thread 0x0000020dec482000 28563       4       org.codehaus.groovy.runtime.metaclass.MetaMethodIndex::addMethodToList (298 bytes)
Event: 9432.666 Thread 0x0000020dec486800 28568       2       java.lang.Class::privateGetPublicMethods (224 bytes)
Event: 9432.668 Thread 0x0000020dec486800 nmethod 28568 0x0000020dd5b26490 code [0x0000020dd5b266e0, 0x0000020dd5b26dd8]
Event: 9432.716 Thread 0x0000020dec486800 28570       3       groovyjarjarasm.asm.SymbolTable::hash (10 bytes)
Event: 9432.716 Thread 0x0000020dec486800 nmethod 28570 0x0000020dd5946610 code [0x0000020dd59467c0, 0x0000020dd59468e8]
Event: 9432.717 Thread 0x0000020dec486800 28571       3       groovyjarjarasm.asm.ByteVector::putByte (39 bytes)
Event: 9432.717 Thread 0x0000020dec486800 nmethod 28571 0x0000020dd59ac610 code [0x0000020dd59ac7e0, 0x0000020dd59ac9c8]
Event: 9432.717 Thread 0x0000020dec486800 28572       3       groovyjarjarasm.asm.Frame::merge (322 bytes)
Event: 9432.718 Thread 0x0000020dec486800 nmethod 28572 0x0000020dd5b57b10 code [0x0000020dd5b57d40, 0x0000020dd5b58668]
Event: 9432.718 Thread 0x0000020dec486800 28573       3       groovyjarjarasm.asm.Frame::execute (2318 bytes)
Event: 9432.730 Thread 0x0000020dec486800 nmethod 28573 0x0000020dd8373b90 code [0x0000020dd8374900, 0x0000020dd837b038]
Event: 9432.730 Thread 0x0000020dec486800 28574       3       groovyjarjarasm.asm.ByteVector::putShort (52 bytes)
Event: 9432.731 Thread 0x0000020dec486800 nmethod 28574 0x0000020dd5a03810 code [0x0000020dd5a039e0, 0x0000020dd5a03be8]
Event: 9432.733 Thread 0x0000020dec486800 28576       3       org.codehaus.groovy.runtime.metaclass.MetaMethodIndex$Header::<init> (26 bytes)
Event: 9432.733 Thread 0x0000020dec486800 nmethod 28576 0x0000020dd5b57510 code [0x0000020dd5b576e0, 0x0000020dd5b579c8]

GC Heap History (20 events):
Event: 6735.473 GC heap before
{Heap before GC invocations=269 (full 0):
 garbage-first heap   total 228352K, used 138732K [0x0000000080000000, 0x0000000100000000)
  region size 1024K, 64 young (65536K), 1 survivors (1024K)
 Metaspace       used 114740K, capacity 118764K, committed 118912K, reserved 1153024K
  class space    used 14007K, capacity 15379K, committed 15488K, reserved 1048576K
}
Event: 6735.530 GC heap after
{Heap after GC invocations=270 (full 0):
 garbage-first heap   total 228352K, used 80594K [0x0000000080000000, 0x0000000100000000)
  region size 1024K, 5 young (5120K), 5 survivors (5120K)
 Metaspace       used 114740K, capacity 118764K, committed 118912K, reserved 1153024K
  class space    used 14007K, capacity 15379K, committed 15488K, reserved 1048576K
}
Event: 6768.437 GC heap before
{Heap before GC invocations=271 (full 0):
 garbage-first heap   total 228352K, used 160466K [0x0000000080000000, 0x0000000100000000)
  region size 1024K, 82 young (83968K), 5 survivors (5120K)
 Metaspace       used 114775K, capacity 118764K, committed 118912K, reserved 1153024K
  class space    used 14008K, capacity 15379K, committed 15488K, reserved 1048576K
}
Event: 6768.491 GC heap after
{Heap after GC invocations=272 (full 0):
 garbage-first heap   total 228352K, used 85620K [0x0000000080000000, 0x0000000100000000)
  region size 1024K, 8 young (8192K), 8 survivors (8192K)
 Metaspace       used 114775K, capacity 118764K, committed 118912K, reserved 1153024K
  class space    used 14008K, capacity 15379K, committed 15488K, reserved 1048576K
}
Event: 6768.527 GC heap before
{Heap before GC invocations=272 (full 0):
 garbage-first heap   total 228352K, used 87668K [0x0000000080000000, 0x0000000100000000)
  region size 1024K, 11 young (11264K), 8 survivors (8192K)
 Metaspace       used 114775K, capacity 118764K, committed 118912K, reserved 1153024K
  class space    used 14008K, capacity 15379K, committed 15488K, reserved 1048576K
}
Event: 6768.612 GC heap after
{Heap after GC invocations=273 (full 0):
 garbage-first heap   total 228352K, used 78813K [0x0000000080000000, 0x0000000100000000)
  region size 1024K, 2 young (2048K), 2 survivors (2048K)
 Metaspace       used 114775K, capacity 118764K, committed 118912K, reserved 1153024K
  class space    used 14008K, capacity 15379K, committed 15488K, reserved 1048576K
}
Event: 6769.181 GC heap before
{Heap before GC invocations=273 (full 0):
 garbage-first heap   total 228352K, used 105437K [0x0000000080000000, 0x0000000100000000)
  region size 1024K, 30 young (30720K), 2 survivors (2048K)
 Metaspace       used 114799K, capacity 118828K, committed 119168K, reserved 1153024K
  class space    used 14008K, capacity 15379K, committed 15488K, reserved 1048576K
}
Event: 6769.201 GC heap after
{Heap after GC invocations=274 (full 0):
 garbage-first heap   total 228352K, used 79363K [0x0000000080000000, 0x0000000100000000)
  region size 1024K, 2 young (2048K), 2 survivors (2048K)
 Metaspace       used 114799K, capacity 118828K, committed 119168K, reserved 1153024K
  class space    used 14008K, capacity 15379K, committed 15488K, reserved 1048576K
}
Event: 6806.396 GC heap before
{Heap before GC invocations=275 (full 0):
 garbage-first heap   total 228352K, used 181763K [0x0000000080000000, 0x0000000100000000)
  region size 1024K, 95 young (97280K), 2 survivors (2048K)
 Metaspace       used 114851K, capacity 118895K, committed 119168K, reserved 1153024K
  class space    used 14008K, capacity 15379K, committed 15488K, reserved 1048576K
}
Event: 6806.496 GC heap after
{Heap after GC invocations=276 (full 0):
 garbage-first heap   total 228352K, used 82529K [0x0000000080000000, 0x0000000100000000)
  region size 1024K, 3 young (3072K), 3 survivors (3072K)
 Metaspace       used 114851K, capacity 118895K, committed 119168K, reserved 1153024K
  class space    used 14008K, capacity 15379K, committed 15488K, reserved 1048576K
}
Event: 6806.859 GC heap before
{Heap before GC invocations=276 (full 0):
 garbage-first heap   total 228352K, used 89697K [0x0000000080000000, 0x0000000100000000)
  region size 1024K, 11 young (11264K), 3 survivors (3072K)
 Metaspace       used 114853K, capacity 118895K, committed 119168K, reserved 1153024K
  class space    used 14008K, capacity 15379K, committed 15488K, reserved 1048576K
}
Event: 6806.915 GC heap after
{Heap after GC invocations=277 (full 0):
 garbage-first heap   total 228352K, used 77909K [0x0000000080000000, 0x0000000100000000)
  region size 1024K, 2 young (2048K), 2 survivors (2048K)
 Metaspace       used 114853K, capacity 118895K, committed 119168K, reserved 1153024K
  class space    used 14008K, capacity 15379K, committed 15488K, reserved 1048576K
}
Event: 6807.863 GC heap before
{Heap before GC invocations=277 (full 0):
 garbage-first heap   total 228352K, used 134229K [0x0000000080000000, 0x0000000100000000)
  region size 1024K, 59 young (60416K), 2 survivors (2048K)
 Metaspace       used 114880K, capacity 118896K, committed 119168K, reserved 1153024K
  class space    used 14008K, capacity 15379K, committed 15488K, reserved 1048576K
}
Event: 6807.901 GC heap after
{Heap after GC invocations=278 (full 0):
 garbage-first heap   total 228352K, used 80522K [0x0000000080000000, 0x0000000100000000)
  region size 1024K, 5 young (5120K), 5 survivors (5120K)
 Metaspace       used 114880K, capacity 118896K, committed 119168K, reserved 1153024K
  class space    used 14008K, capacity 15379K, committed 15488K, reserved 1048576K
}
Event: 7373.452 GC heap before
{Heap before GC invocations=279 (full 0):
 garbage-first heap   total 228352K, used 173706K [0x0000000080000000, 0x0000000100000000)
  region size 1024K, 89 young (91136K), 5 survivors (5120K)
 Metaspace       used 114938K, capacity 118967K, committed 119168K, reserved 1153024K
  class space    used 14009K, capacity 15379K, committed 15488K, reserved 1048576K
}
Event: 7373.560 GC heap after
{Heap after GC invocations=280 (full 0):
 garbage-first heap   total 228352K, used 82042K [0x0000000080000000, 0x0000000100000000)
  region size 1024K, 4 young (4096K), 4 survivors (4096K)
 Metaspace       used 114938K, capacity 118967K, committed 119168K, reserved 1153024K
  class space    used 14009K, capacity 15379K, committed 15488K, reserved 1048576K
}
Event: 7721.393 GC heap before
{Heap before GC invocations=280 (full 0):
 garbage-first heap   total 228352K, used 89210K [0x0000000080000000, 0x0000000100000000)
  region size 1024K, 11 young (11264K), 4 survivors (4096K)
 Metaspace       used 114938K, capacity 118967K, committed 119168K, reserved 1153024K
  class space    used 14009K, capacity 15379K, committed 15488K, reserved 1048576K
}
Event: 7721.582 GC heap after
{Heap after GC invocations=281 (full 0):
 garbage-first heap   total 228352K, used 74768K [0x0000000080000000, 0x0000000100000000)
  region size 1024K, 1 young (1024K), 1 survivors (1024K)
 Metaspace       used 114938K, capacity 118967K, committed 119168K, reserved 1153024K
  class space    used 14009K, capacity 15379K, committed 15488K, reserved 1048576K
}
Event: 9429.201 GC heap before
{Heap before GC invocations=281 (full 0):
 garbage-first heap   total 228352K, used 107536K [0x0000000080000000, 0x0000000100000000)
  region size 1024K, 34 young (34816K), 1 survivors (1024K)
 Metaspace       used 115005K, capacity 119067K, committed 119168K, reserved 1153024K
  class space    used 14020K, capacity 15387K, committed 15488K, reserved 1048576K
}
Event: 9429.326 GC heap after
{Heap after GC invocations=282 (full 0):
 garbage-first heap   total 228352K, used 74824K [0x0000000080000000, 0x0000000100000000)
  region size 1024K, 1 young (1024K), 1 survivors (1024K)
 Metaspace       used 115005K, capacity 119067K, committed 119168K, reserved 1153024K
  class space    used 14020K, capacity 15387K, committed 15488K, reserved 1048576K
}

Deoptimization events (20 events):
Event: 9432.580 Thread 0x0000020df69bd800 Uncommon trap: trap_request=0xffffff4d fr.pc=0x0000020ddcf7f284 relative=0x0000000000000e04
Event: 9432.580 Thread 0x0000020df69bd800 Uncommon trap: reason=unstable_if action=reinterpret pc=0x0000020ddcf7f284 method=java.lang.ref.SoftReference.get()Ljava/lang/Object; @ 6 c2
Event: 9432.580 Thread 0x0000020df69bd800 DEOPT PACKING pc=0x0000020ddcf7f284 sp=0x000000b0b6cfaca0
Event: 9432.580 Thread 0x0000020df69bd800 DEOPT UNPACKING pc=0x0000020dd53574af sp=0x000000b0b6cfabd0 mode 2
Event: 9432.580 Thread 0x0000020df69bd800 Uncommon trap: trap_request=0xffffff4d fr.pc=0x0000020ddd0d8080 relative=0x0000000000000620
Event: 9432.580 Thread 0x0000020df69bd800 Uncommon trap: reason=unstable_if action=reinterpret pc=0x0000020ddd0d8080 method=java.lang.ref.SoftReference.get()Ljava/lang/Object; @ 6 c2
Event: 9432.580 Thread 0x0000020df69bd800 DEOPT PACKING pc=0x0000020ddd0d8080 sp=0x000000b0b6cfa9b0
Event: 9432.580 Thread 0x0000020df69bd800 DEOPT UNPACKING pc=0x0000020dd53574af sp=0x000000b0b6cfa890 mode 2
Event: 9432.626 Thread 0x0000020df69bd800 Uncommon trap: trap_request=0xfffffff4 fr.pc=0x0000020dddb31dfc relative=0x0000000000006bfc
Event: 9432.626 Thread 0x0000020df69bd800 Uncommon trap: reason=null_check action=make_not_entrant pc=0x0000020dddb31dfc method=java.lang.Class.reflectionData()Ljava/lang/Class$ReflectionData; @ 18 c2
Event: 9432.626 Thread 0x0000020df69bd800 DEOPT PACKING pc=0x0000020dddb31dfc sp=0x000000b0b6cfa760
Event: 9432.626 Thread 0x0000020df69bd800 DEOPT UNPACKING pc=0x0000020dd53574af sp=0x000000b0b6cfa710 mode 2
Event: 9432.760 Thread 0x0000020df69bd800 Uncommon trap: trap_request=0xffffffde fr.pc=0x0000020ddde47c88 relative=0x0000000000000188
Event: 9432.760 Thread 0x0000020df69bd800 Uncommon trap: reason=class_check action=maybe_recompile pc=0x0000020ddde47c88 method=org.gradle.api.internal.artifacts.configurations.DefaultConfiguration.preventIllegalMutation(Lorg/gradle/api/internal/artifacts/configurations/MutationValidator$Mutation
Event: 9432.760 Thread 0x0000020df69bd800 DEOPT PACKING pc=0x0000020ddde47c88 sp=0x000000b0b6cf8af0
Event: 9432.760 Thread 0x0000020df69bd800 DEOPT UNPACKING pc=0x0000020dd53574af sp=0x000000b0b6cf8878 mode 2
Event: 9432.763 Thread 0x0000020df69bd800 Uncommon trap: trap_request=0xffffff4d fr.pc=0x0000020ddd87fcd0 relative=0x0000000000001850
Event: 9432.763 Thread 0x0000020df69bd800 Uncommon trap: reason=unstable_if action=reinterpret pc=0x0000020ddd87fcd0 method=org.gradle.util.Path.createFullPath()Ljava/lang/String; @ 12 c2
Event: 9432.763 Thread 0x0000020df69bd800 DEOPT PACKING pc=0x0000020ddd87fcd0 sp=0x000000b0b6cfb4a0
Event: 9432.764 Thread 0x0000020df69bd800 DEOPT UNPACKING pc=0x0000020dd53574af sp=0x000000b0b6cfb3e8 mode 2

Classes redefined (0 events):
No events

Internal exceptions (20 events):
Event: 9430.132 Thread 0x0000020df69bd800 Exception <a 'java/lang/NoSuchMethodError'{0x000000008d9b0188}: <clinit>> (0x000000008d9b0188) thrown at [./src/hotspot/share/prims/jni.cpp, line 1362]
Event: 9430.137 Thread 0x0000020df69bd800 Exception <a 'java/lang/NoSuchMethodError'{0x000000008d9c2c68}: <clinit>> (0x000000008d9c2c68) thrown at [./src/hotspot/share/prims/jni.cpp, line 1362]
Event: 9430.148 Thread 0x0000020df69bd800 Exception <a 'java/lang/NoSuchMethodError'{0x000000008d9d8248}: <clinit>> (0x000000008d9d8248) thrown at [./src/hotspot/share/prims/jni.cpp, line 1362]
Event: 9430.170 Thread 0x0000020df69bd800 Exception <a 'java/lang/NoSuchMethodError'{0x000000008d9f06b8}: <clinit>> (0x000000008d9f06b8) thrown at [./src/hotspot/share/prims/jni.cpp, line 1362]
Event: 9430.175 Thread 0x0000020df69bd800 Exception <a 'java/lang/NoSuchMethodError'{0x000000008d9fa1a8}: <clinit>> (0x000000008d9fa1a8) thrown at [./src/hotspot/share/prims/jni.cpp, line 1362]
Event: 9430.177 Thread 0x0000020df69bd800 Exception <a 'java/lang/NoSuchMethodError'{0x000000008d804108}: <clinit>> (0x000000008d804108) thrown at [./src/hotspot/share/prims/jni.cpp, line 1362]
Event: 9430.180 Thread 0x0000020df69bd800 Exception <a 'java/lang/NoSuchMethodError'{0x000000008d80d940}: <clinit>> (0x000000008d80d940) thrown at [./src/hotspot/share/prims/jni.cpp, line 1362]
Event: 9430.238 Thread 0x0000020df69bd800 Exception <a 'java/lang/NoSuchMethodError'{0x000000008d8bfc20}: <clinit>> (0x000000008d8bfc20) thrown at [./src/hotspot/share/prims/jni.cpp, line 1362]
Event: 9430.238 Thread 0x0000020df69bd800 Exception <a 'java/lang/NoSuchMethodError'{0x000000008d8c2658}: <clinit>> (0x000000008d8c2658) thrown at [./src/hotspot/share/prims/jni.cpp, line 1362]
Event: 9430.238 Thread 0x0000020df69bd800 Exception <a 'java/lang/NoSuchMethodError'{0x000000008d8c3c60}: <clinit>> (0x000000008d8c3c60) thrown at [./src/hotspot/share/prims/jni.cpp, line 1362]
Event: 9430.238 Thread 0x0000020df69bd800 Exception <a 'java/lang/NoSuchMethodError'{0x000000008d8c51f8}: <clinit>> (0x000000008d8c51f8) thrown at [./src/hotspot/share/prims/jni.cpp, line 1362]
Event: 9430.238 Thread 0x0000020df69bd800 Exception <a 'java/lang/NoSuchMethodError'{0x000000008d8c6c58}: <clinit>> (0x000000008d8c6c58) thrown at [./src/hotspot/share/prims/jni.cpp, line 1362]
Event: 9430.239 Thread 0x0000020df69bd800 Exception <a 'java/lang/NoSuchMethodError'{0x000000008d8c82f0}: <clinit>> (0x000000008d8c82f0) thrown at [./src/hotspot/share/prims/jni.cpp, line 1362]
Event: 9430.239 Thread 0x0000020df69bd800 Exception <a 'java/lang/NoSuchMethodError'{0x000000008d8c9828}: <clinit>> (0x000000008d8c9828) thrown at [./src/hotspot/share/prims/jni.cpp, line 1362]
Event: 9432.580 Thread 0x0000020df69bd800 Implicit null exception at 0x0000020ddd0d7acb to 0x0000020ddd0d8064
Event: 9432.626 Thread 0x0000020df69bd800 Implicit null exception at 0x0000020dddb2b280 to 0x0000020dddb31de0
Event: 9432.636 Thread 0x0000020df69bd800 Exception <a 'java/lang/ClassNotFoundException'{0x000000008d6bb7f8}: sync_studio_tooling4_bpuea2l396ljuf4pyv3s0tdfnBeanInfo> (0x000000008d6bb7f8) thrown at [./src/hotspot/share/classfile/systemDictionary.cpp, line 231]
Event: 9432.638 Thread 0x0000020df69bd800 Exception <a 'java/lang/ClassNotFoundException'{0x000000008d6cb6c0}: org/gradle/initialization/InitScriptBeanInfo> (0x000000008d6cb6c0) thrown at [./src/hotspot/share/classfile/systemDictionary.cpp, line 231]
Event: 9432.642 Thread 0x0000020df69bd800 Exception <a 'java/lang/ClassNotFoundException'{0x000000008d6db540}: org/gradle/initialization/InitScriptCustomizer> (0x000000008d6db540) thrown at [./src/hotspot/share/classfile/systemDictionary.cpp, line 231]
Event: 9432.704 Thread 0x0000020df69bd800 Exception <a 'java/lang/ClassNotFoundException'{0x000000008d5441a0}: sync_studio_tooling4_bpuea2l396ljuf4pyv3s0tdfnCustomizer> (0x000000008d5441a0) thrown at [./src/hotspot/share/classfile/systemDictionary.cpp, line 231]

Events (20 events):
Event: 9432.710 loading class groovy/runtime/metaclass/sync_studio_tooling4_bpuea2l396ljuf4pyv3s0tdfn$_run_closure1MetaClass
Event: 9432.710 loading class groovy/runtime/metaclass/sync_studio_tooling4_bpuea2l396ljuf4pyv3s0tdfn$_run_closure1MetaClass done
Event: 9432.719 loading class groovy/runtime/metaclass/org/gradle/internal/metaobject/ConfigureDelegateMetaClass
Event: 9432.719 loading class groovy/runtime/metaclass/org/gradle/internal/metaobject/ConfigureDelegateMetaClass done
Event: 9432.723 Executing VM operation: RevokeBias
Event: 9432.724 Executing VM operation: RevokeBias done
Event: 9432.726 loading class groovy/runtime/metaclass/sync_studio_tooling4_bpuea2l396ljuf4pyv3s0tdfn$_run_closure1$_closure2MetaClass
Event: 9432.726 loading class groovy/runtime/metaclass/sync_studio_tooling4_bpuea2l396ljuf4pyv3s0tdfn$_run_closure1$_closure2MetaClass done
Event: 9432.730 loading class groovy/runtime/metaclass/org/gradle/api/internal/initialization/DefaultScriptHandlerMetaClass
Event: 9432.730 loading class groovy/runtime/metaclass/org/gradle/api/internal/initialization/DefaultScriptHandlerMetaClass done
Event: 9432.734 Executing VM operation: RevokeBias
Event: 9432.737 Executing VM operation: RevokeBias done
Event: 9432.737 Executing VM operation: BulkRevokeBias
Event: 9432.739 Executing VM operation: BulkRevokeBias done
Event: 9432.743 loading class org/gradle/api/internal/initialization/RootScriptDomainObjectContext$CalculatedModelValueImpl
Event: 9432.743 loading class org/gradle/api/internal/initialization/RootScriptDomainObjectContext$CalculatedModelValueImpl done
Event: 9432.749 Executing VM operation: Deoptimize
Event: 9432.756 Executing VM operation: Deoptimize done
Event: 9432.758 loading class org/codehaus/groovy/runtime/ScriptBytecodeAdapter
Event: 9432.758 loading class org/codehaus/groovy/runtime/ScriptBytecodeAdapter done


Dynamic libraries:
0x00007ff640450000 - 0x00007ff64045a000 	C:\Program Files\Android\Android Studio\jre\bin\java.exe
0x00007ffbb1fd0000 - 0x00007ffbb21c5000 	C:\WINDOWS\SYSTEM32\ntdll.dll
0x00007ffbb0700000 - 0x00007ffbb07bd000 	C:\WINDOWS\System32\KERNEL32.DLL
0x00007ffbaf8c0000 - 0x00007ffbafb88000 	C:\WINDOWS\System32\KERNELBASE.dll
0x00007ffbafbc0000 - 0x00007ffbafcc0000 	C:\WINDOWS\System32\ucrtbase.dll
0x00007ffbaaf50000 - 0x00007ffbaaf69000 	C:\Program Files\Android\Android Studio\jre\bin\jli.dll
0x00007ffbaaee0000 - 0x00007ffbaaef7000 	C:\Program Files\Android\Android Studio\jre\bin\VCRUNTIME140.dll
0x00007ffbb0b60000 - 0x00007ffbb0d00000 	C:\WINDOWS\System32\USER32.dll
0x00007ffbafb90000 - 0x00007ffbafbb2000 	C:\WINDOWS\System32\win32u.dll
0x00007ffbb0d00000 - 0x00007ffbb0d2a000 	C:\WINDOWS\System32\GDI32.dll
0x00007ffba09f0000 - 0x00007ffba0c8a000 	C:\WINDOWS\WinSxS\amd64_microsoft.windows.common-controls_6595b64144ccf1df_6.0.19041.1052_none_60b8f8fd71f5e8cb\COMCTL32.dll
0x00007ffbafd80000 - 0x00007ffbafe8b000 	C:\WINDOWS\System32\gdi32full.dll
0x00007ffbb0180000 - 0x00007ffbb021e000 	C:\WINDOWS\System32\msvcrt.dll
0x00007ffbafe90000 - 0x00007ffbaff2d000 	C:\WINDOWS\System32\msvcp_win.dll
0x00007ffbb12c0000 - 0x00007ffbb12f0000 	C:\WINDOWS\System32\IMM32.DLL
0x00007ffb86c80000 - 0x00007ffb86d1d000 	C:\Program Files\Android\Android Studio\jre\bin\msvcp140.dll
0x00007ffb5e5f0000 - 0x00007ffb5f0ac000 	C:\Program Files\Android\Android Studio\jre\bin\server\jvm.dll
0x00007ffbb0a20000 - 0x00007ffbb0acc000 	C:\WINDOWS\System32\ADVAPI32.dll
0x00007ffbb03d0000 - 0x00007ffbb046b000 	C:\WINDOWS\System32\sechost.dll
0x00007ffbb0040000 - 0x00007ffbb016b000 	C:\WINDOWS\System32\RPCRT4.dll
0x00007ffba5da0000 - 0x00007ffba5dc7000 	C:\WINDOWS\SYSTEM32\WINMM.dll
0x00007ffba67f0000 - 0x00007ffba67fa000 	C:\WINDOWS\SYSTEM32\VERSION.dll
0x00007ffbb0170000 - 0x00007ffbb0178000 	C:\WINDOWS\System32\PSAPI.DLL
0x00007ffb9e410000 - 0x00007ffb9e419000 	C:\WINDOWS\SYSTEM32\WSOCK32.dll
0x00007ffbb0d30000 - 0x00007ffbb0d9b000 	C:\WINDOWS\System32\ws2_32.DLL
0x00007ffbae010000 - 0x00007ffbae022000 	C:\WINDOWS\SYSTEM32\kernel.appcore.dll
0x00007ffbaaf10000 - 0x00007ffbaaf21000 	C:\Program Files\Android\Android Studio\jre\bin\verify.dll
0x00007ffbadc90000 - 0x00007ffbade74000 	C:\WINDOWS\SYSTEM32\DBGHELP.DLL
0x00007ffba1130000 - 0x00007ffba115c000 	C:\WINDOWS\SYSTEM32\dbgcore.DLL
0x00007ffbafcc0000 - 0x00007ffbafd43000 	C:\WINDOWS\System32\bcryptPrimitives.dll
0x00007ffba3470000 - 0x00007ffba3499000 	C:\Program Files\Android\Android Studio\jre\bin\java.dll
0x00007ffbaaf00000 - 0x00007ffbaaf0b000 	C:\Program Files\Android\Android Studio\jre\bin\jimage.dll
0x00007ffba35b0000 - 0x00007ffba35c8000 	C:\Program Files\Android\Android Studio\jre\bin\zip.dll
0x00007ffbb1780000 - 0x00007ffbb1ebf000 	C:\WINDOWS\System32\SHELL32.dll
0x00007ffbad3e0000 - 0x00007ffbadb70000 	C:\WINDOWS\SYSTEM32\windows.storage.dll
0x00007ffbb1420000 - 0x00007ffbb1775000 	C:\WINDOWS\System32\combase.dll
0x00007ffbaf0b0000 - 0x00007ffbaf0dc000 	C:\WINDOWS\SYSTEM32\Wldp.dll
0x00007ffbb1210000 - 0x00007ffbb12be000 	C:\WINDOWS\System32\SHCORE.dll
0x00007ffbb09c0000 - 0x00007ffbb0a15000 	C:\WINDOWS\System32\shlwapi.dll
0x00007ffbaf650000 - 0x00007ffbaf66f000 	C:\WINDOWS\SYSTEM32\profapi.dll
0x00007ffba3060000 - 0x00007ffba307a000 	C:\Program Files\Android\Android Studio\jre\bin\net.dll
0x00007ffba3660000 - 0x00007ffba376b000 	C:\WINDOWS\SYSTEM32\WINHTTP.dll
0x00007ffbaee20000 - 0x00007ffbaee8a000 	C:\WINDOWS\system32\mswsock.dll
0x00007ffba23f0000 - 0x00007ffba2404000 	C:\Program Files\Android\Android Studio\jre\bin\nio.dll
0x00007ffba2190000 - 0x00007ffba21b7000 	C:\Users\Reyhan\.gradle\native\fdc75f09e3144964f2cf3f50f0aa648679c211496f362492102eb8c894070792\windows-amd64\native-platform.dll
0x00007ffb86380000 - 0x00007ffb86516000 	C:\Users\Reyhan\.gradle\native\12488b8bf47d2d4c9fbf2f6322a914ad602e24e48041cd04a747c6da556b65c4\windows-amd64\native-platform-file-events.dll
0x00007ffba8800000 - 0x00007ffba880a000 	C:\Program Files\Android\Android Studio\jre\bin\management.dll
0x00007ffba85d0000 - 0x00007ffba85dc000 	C:\Program Files\Android\Android Studio\jre\bin\management_ext.dll
0x00007ffbaeff0000 - 0x00007ffbaf008000 	C:\WINDOWS\SYSTEM32\CRYPTSP.dll
0x00007ffbae7c0000 - 0x00007ffbae7f4000 	C:\WINDOWS\system32\rsaenh.dll
0x00007ffbafd50000 - 0x00007ffbafd77000 	C:\WINDOWS\System32\bcrypt.dll
0x00007ffbaf610000 - 0x00007ffbaf63e000 	C:\WINDOWS\SYSTEM32\USERENV.dll
0x00007ffbaf010000 - 0x00007ffbaf01c000 	C:\WINDOWS\SYSTEM32\CRYPTBASE.dll
0x00007ffbaeb10000 - 0x00007ffbaeb4b000 	C:\WINDOWS\SYSTEM32\IPHLPAPI.DLL
0x00007ffbb03c0000 - 0x00007ffbb03c8000 	C:\WINDOWS\System32\NSI.dll
0x00007ffba6980000 - 0x00007ffba6997000 	C:\WINDOWS\SYSTEM32\dhcpcsvc6.DLL
0x00007ffba7870000 - 0x00007ffba788d000 	C:\WINDOWS\SYSTEM32\dhcpcsvc.DLL
0x00007ffbaeb50000 - 0x00007ffbaec1c000 	C:\WINDOWS\SYSTEM32\DNSAPI.dll
0x00007ffba7860000 - 0x00007ffba786b000 	C:\WINDOWS\SYSTEM32\WINNSI.DLL

dbghelp: loaded successfully - version: 4.0.5 - missing functions: none
symbol engine: initialized successfully - sym options: 0x614 - pdb path: .;C:\Program Files\Android\Android Studio\jre\bin;C:\WINDOWS\SYSTEM32;C:\WINDOWS\WinSxS\amd64_microsoft.windows.common-controls_6595b64144ccf1df_6.0.19041.1052_none_60b8f8fd71f5e8cb;C:\Program Files\Android\Android Studio\jre\bin\server;C:\Users\Reyhan\.gradle\native\fdc75f09e3144964f2cf3f50f0aa648679c211496f362492102eb8c894070792\windows-amd64;C:\Users\Reyhan\.gradle\native\12488b8bf47d2d4c9fbf2f6322a914ad602e24e48041cd04a747c6da556b65c4\windows-amd64

VM Arguments:
jvm_args: --add-opens=java.base/java.util=ALL-UNNAMED --add-opens=java.base/java.lang=ALL-UNNAMED --add-opens=java.base/java.lang.invoke=ALL-UNNAMED --add-opens=java.prefs/java.util.prefs=ALL-UNNAMED -Xmx2048m -Dfile.encoding=UTF-8 -Duser.country=US -Duser.language=en -Duser.variant 
java_command: org.gradle.launcher.daemon.bootstrap.GradleDaemon 6.7.1
java_class_path (initial): C:\Users\Reyhan\.gradle\wrapper\dists\gradle-6.7.1-bin\bwlcbys1h7rz3272sye1xwiv6\gradle-6.7.1\lib\gradle-launcher-6.7.1.jar
Launcher Type: SUN_STANDARD

[Global flags]
     intx CICompilerCount                          = 4                                         {product} {ergonomic}
     uint ConcGCThreads                            = 2                                         {product} {ergonomic}
     uint G1ConcRefinementThreads                  = 8                                         {product} {ergonomic}
   size_t G1HeapRegionSize                         = 1048576                                   {product} {ergonomic}
    uintx GCDrainStackTargetSize                   = 64                                        {product} {ergonomic}
   size_t InitialHeapSize                          = 100663296                                 {product} {ergonomic}
   size_t MarkStackSize                            = 4194304                                   {product} {ergonomic}
   size_t MaxHeapSize                              = 2147483648                                {product} {command line}
   size_t MaxNewSize                               = 1287651328                                {product} {ergonomic}
   size_t MinHeapDeltaBytes                        = 1048576                                   {product} {ergonomic}
    uintx NonNMethodCodeHeapSize                   = 5836300                                {pd product} {ergonomic}
    uintx NonProfiledCodeHeapSize                  = 122910970                              {pd product} {ergonomic}
    uintx ProfiledCodeHeapSize                     = 122910970                              {pd product} {ergonomic}
    uintx ReservedCodeCacheSize                    = 251658240                              {pd product} {ergonomic}
     bool SegmentedCodeCache                       = true                                      {product} {ergonomic}
     bool UseCompressedClassPointers               = true                                 {lp64_product} {ergonomic}
     bool UseCompressedOops                        = true                                 {lp64_product} {ergonomic}
     bool UseG1GC                                  = true                                      {product} {ergonomic}
     bool UseLargePagesIndividualAllocation        = false                                  {pd product} {ergonomic}

Logging:
Log output configuration:
 #0: stdout all=warning uptime,level,tags
 #1: stderr all=off uptime,level,tags

Environment Variables:
PATH=C:\Program Files (x86)\Common Files\Oracle\Java\javapath;C:\Program Files\Common Files\Oracle\Java\javapath;C:\Program Files (x86)\Common Files\Intel\Shared Files\cpp\bin\Intel64;C:\Program Files (x86)\Python27\;C:\Program Files (x86)\Python27\Scripts;C:\WINDOWS\system32;C:\WINDOWS;C:\WINDOWS\System32\Wbem;C:\WINDOWS\System32\WindowsPowerShell\v1.0\;C:\WINDOWS\System32\OpenSSH\;C:\Program Files\Intel\WiFi\bin\;C:\Program Files\Common Files\Intel\WirelessCommon\;C:\Program Files (x86)\Dev-Cpp\MinGW64\bin;C:\Program Files\Git\cmd;C:\msf\metasploit-framework\bin\;C:\Program Files\nodejs\;C:\Users\Reyhan\AppData\Local\Microsoft\WindowsApps;C:\Program Files (x86)\Python27;C:\Program Files (x86)\Microsoft VS Code\bin;C:\xampp\php;C:\Program Files (x86)\Nmap;C:\Users\Reyhan\AppData\Roaming\npm;C:\Program Files\heroku\bin;
USERNAME=Reyhan
OS=Windows_NT
PROCESSOR_IDENTIFIER=AMD64 Family 23 Model 24 Stepping 1, AuthenticAMD



---------------  S Y S T E M  ---------------

OS: Windows 10 , 64 bit Build 19041 (10.0.19041.1023)
OS uptime: 4 days 2:42 hours

CPU:total 8 (initial active 8) (8 cores per cpu, 2 threads per core) family 23 model 24 stepping 1, cmov, cx8, fxsr, mmx, sse, sse2, sse3, ssse3, sse4.1, sse4.2, popcnt, avx, avx2, aes, clmul, mmxext, 3dnowpref, lzcnt, sse4a, ht, tsc, tscinvbit, tscinv, bmi1, bmi2, adx, sha, fma

Memory: 4k page, system-wide physical 6091M (99M free)
TotalPageFile size 24523M (AvailPageFile size 4M)
current process WorkingSet (physical memory assigned to process): 302M, peak: 424M
current process commit charge ("private bytes"): 596M, peak: 610M

vm_info: OpenJDK 64-Bit Server VM (11.0.8+10-b944.6842174) for windows-amd64 JRE (11.0.8+10-b944.6842174), built on Sep 19 2020 01:11:42 by "builder" with MS VC++ 14.0 (VS2015)

END.
